
<!DOCTYPE
 html PUBLIC "-//W3C//DTD XHTML 1.1//EN"
  "http://www.w3.org/TR/xhtml11/DTD/xhtml11.dtd">
 <html>
 <!-- $Date: 2005/08/30 07:54:43 $ / $Revision: 1.29 $ / Last Theme Editor :$Author: jx $-->
  
<!-- Mirrored from drupal.postgresql.fr/?q=node/21 by HTTrack Website Copier/3.x [XR&CO'2006], Sun, 12 Oct 2008 16:30:20 GMT -->
<!-- Added by HTTrack --><meta http-equiv="content-type" content="text/html;charset=utf-8"><!-- /Added by HTTrack -->
<head>
   <meta http-equiv="Content-Type" content="text/html; charset=utf-8" />
<base  />
<style type="text/css" media="all">@import "misc/drupal.css";</style>
   <title>Astuces techniques et autres tours de mains! - PostgreSQLFr</title>
 <style type="text/css" media="screen" title="Normal Text">
    @import url("layout/css/blue/fixed.css");
    @import url(_guillaume/dotclear/themes/postgresql/style.html);
 </style>
 <style type="text/css" media="screen" title="Normal Text2">
    @import url("layout/css/blue/pgfr.css");
    @import url(_guillaume/dotclear/themes/postgresql/style.html);
 </style>
   </head>
   <body>
    <table border="0" cellspacing="5" cellpadding="0" width="100%">
     <tr>
      <!--td colspan="2" width="100%"-->
      <td colspan="2">
      <!-- Head -->
       <table border="0" cellspacing="0" cellpadding="0" width="100%">
        <tr>
	 <td align="left">
           <div id="pgHeader">
	    <div id="pgHeaderLogoLeft">
	     <a href="index.html" title="PostgreSQL"><img src="layout/images/hdr_left.png" width="230" height="80" alt="PostgreSQL" /></a>
	    </div>
	    <div id="pgHeaderLogoRight">
	     <a href="index.html" title="La base de donnÈes la plus sophistiquÈe au monde."><img src="layout/images/hdr_right.png" width="210" height="80" alt="La base de donnÈes la plus sophistiquÈe au monde." /></a>
	    </div>
	   </div>
         </td>
	 <td align="right">
         </td>
	</tr>
      </table> <!-- Head -->
      <br />
      <table border="0" cellspacing="0" cellpadding="0" width="100%">
              <tr>
	      	 <td align="left">

		<div class="pgTopNav">
		   <div class="pgTopNavLeft"> 
		     <img src="layout/images/nav_lft.png" width="7" height="23" alt="" />
		   </div>
		   <div class="pgTopNavRight">
		    <img src="layout/images/nav_rgt.png" width="7" height="23" alt="" />
		  </div>
		  <!--<ul class="pgTopNavList">-->
		  <ul class="pgTopNavList">
		   <li><a href="index03d2.html?q=" title="Retourner √† la page principale.">accueil</a> </li>
		   <li> <a href="indexf6e5.html?q=archive" title="Lire le contenu plus ancien dans notre archive.">archives</a> </li>
		   <li> <a href="index71c4.html?q=blog" title="Lire les blogues les plus r√©cents.">blogues</a> </li>

		   <li> <a href="indexf6fe.html?q=book" title="Lire et contribuer aux livres collaboratifs.">livres</a> </li>
		   <li> <a href="index79b7.html?q=forum">forums</a> </li>
		   <li> <a href="index729f.html?q=poll" title="Voir la liste des sondages de ce site.">sondages</a> </li>
		   <li> <a href="index4404.html?q=search" title="Chercher pour du contenu plus vieux.">recherche</a></li><li><a href="http://docs.postgresqlfr.org/" target="_blank">documentation </a></li>

		  </ul>

<!--
		   <li><a href="?q=" title="Retourner √† la page principale.">accueil</a> </li>
		   <li> <a href="?q=archive" title="Lire le contenu plus ancien dans notre archive.">archives</a> </li>
		   <li> <a href="?q=blog" title="Lire les blogues les plus r√©cents.">blogues</a> </li>
		   <li> <a href="?q=book" title="Lire et contribuer aux livres collaboratifs.">livres</a> </li>
		   <li> <a href="?q=forum">forums</a> </li>
		   <li> <a href="?q=poll" title="Voir la liste des sondages de ce site.">sondages</a> </li>
		   <li> <a href="?q=search" title="Chercher pour du contenu plus vieux.">recherche</a></li><li><a href="http://docs.postgresqlfr.org/" target="_blank">documentation </a></li>
-->
		  </ul>
	        </div>
		</td>
		</tr>
		</table>
      </td>
     </tr>
     <tr>
    <td style="vertical-align: top; width: 20%;">
<div class="block block-user" id="block-user-0">
<div class="pgSideNav">    <h2>Ouverture de session</h2>    
		    <div>
			<form action="http://drupal.postgresql.fr/?q=user/login" method="post">
<div class="user-login-block">
<input type="hidden" name="edit[destination]" value="node/21" />
<div class="form-item">
 <label for="edit-name">Nom d'utilisateur:</label><br />
 <input type="text" maxlength="64" class="form-text" name="edit[name]" id="edit-name" size="15" value="" />
</div>
<div class="form-item">
 <label for="edit-pass">Mot de passe:</label><br />
 <input type="password" class="form-password" maxlength="64" name="edit[pass]" id="edit-pass" size="15" value="" />
</div>
<input type="submit" class="form-submit" name="op" value="Identification"  />
</div>

</form>
<div class="item-list"><ul><li><a href="indexc12c.html?q=user/password" title="Demander un nouveau mot de passe par e-mail.">Demander un nouveau mot de passe</a></li></ul></div>
		    </div></div></div>
<div class="block block-user" id="block-user-1">
<div class="pgSideNav">    <h2>Navigation</h2>    
		    <div>
			<div class="menu">
<ul>
<li class="leaf"><a href="indexa499.html?q=tracker">messages r√©cents</a></li>

</ul>
</div>
		    </div></div></div>
<div class="block block-block" id="block-block-4">
<div class="pgSideNav">    <h2>Contactez-nous</h2>    
		    <div>
			<p><strong>Administration du site&nbsp;:</strong><br />
"equipe chez postgresqlfr point org"<br><br />
<strong>Contact presse&nbsp;:</strong><br />
"fr chez postgresql point org"<br><br />
<strong>Contact association&nbsp;:</strong><br />
"bureau chez postgresqlfr point org"<br><br />
<strong>Questions PostgreSQL&nbsp;:</strong><br />
&nbsp;IRC&nbsp;:<br />
&nbsp;&nbsp;serveur <strong>irc.freenode.net</strong><br />
&nbsp;&nbsp;canal <strong>#postgresqlfr</strong></p>

		    </div></div></div>
<div class="block block-block" id="block-block-1">
<div class="pgSideNav">    <h2>Liens</h2>    
		    <div>
			<p><small></p>
<ul>
<li>
<a href="http://www.postgresqlfr.org/?q=node/view/162">Adh√©rer</a>
</li>
<li>
<a href="http://www.postgresqlfr.org/?q=node/473">Faire un don</a>
</li>
<li>
<a href="http://www.postgresqlfr.org/?q=node/163">Consulter les statuts</a>
</li>
</ul>
<ul>
<li>
<a href="http://www.postgresql.org/" class="active">Site original<br />
</a>
</li>
<li>
<a href="http://docs.postgresqlfr.org/" class="active">Site de traduction</a>
</li>
<li>
<a href="http://docs.postgresqlfr.org/8.3/">Doc v.8.3.x fr</a>
</li>
<li>
<a href="http://docs.postgresqlfr.org/8.2/">Doc v.8.2.x fr</a>
</li>
<li>
<a href="http://docs.postgresqlfr.org/8.1/">Doc v.8.1.x fr</a>
</li>
<li>
<a href="http://docs.postgresqlfr.org/8.0/">Doc v.8.0.x fr</a>
</li>
<li>
<a href="http://docs.postgresqlfr.org/7.4/">Doc v.7.4.x fr</a>
</li>
<li>
<a href="http://www.postgis.fr/">PostGIS</a>
</li>
<li>
<a href="http://www.postgresql.org/docs/techdocs">Techdocs</a>
</li>
<li>
<a href="http://www.varlena.com/varlena/GeneralBits/Tidbits/">General TidBits</a>
</li>
<p><!--</p>
<li>
<a href="http://www.postgresqlfr.org/?q=node/view/58">Version Windows</a>
</li>
<p>--></p>
<li>
<a href="http://www.postgresqlfr.org/drupal/?q=node/view/63">T√©moignages de pros</a>
</li>
<li>
<a href="http://archives.postgresql.org/pgsql-fr-generale/">Liste de diffusion</a>
</li>
<li>
<a href="http://wwwmaster.postgresql.org/download/mirrors-ftp">T√©l√©charger</a>
</li>
</ul>
<p></small></p>

		    </div></div></div>
<div class="block block-block" id="block-block-2">
<div class="pgSideNav">    <h2>Recherche</h2>    
		    <div>
			<form action="http://drupal.postgresql.fr/?q=search" method="post">
<div id="search">
<input class="form-text" type="text" size="15" value="" name="keys" alt="Enter the terms you wish to search for." /><br />
<input class="form-submit" type="submit" value="Recherche" />
</div>
</form>

		    </div></div></div>
<div class="block block-forum" id="block-forum-0">
<div class="pgSideNav">    <h2>Sujets du forum</h2>    
		    <div>
			<div class="item-list"><h3>Sujets actifs</h3><ul><li><a href="index253f.html?q=node/1742">A LIRE : FERMETURE DES FORUMS DRUPAL</a></li><li><a href="indexfc2e.html?q=node/1739" title="2 commentaires">Probl√®me  avec pg_dump</a></li><li><a href="index97c1.html?q=node/1731" title="5 commentaires">Connexions simultann√©es</a></li><li><a href="index32d3.html?q=node/1737" title="1 commentaire">Optimisation de la m√©moire sous PostgreSQL</a></li><li><a href="index2483.html?q=node/1736" title="3 commentaires">[R√©solu] Upgrade Postgre -> types et op√©rateurs</a></li></ul></div><div class="item-list"><h3>Nouveaux sujets:</h3><ul><li><a href="index253f.html?q=node/1742">A LIRE : FERMETURE DES FORUMS DRUPAL</a></li><li><a href="indexfc2e.html?q=node/1739" title="2 commentaires">Probl√®me  avec pg_dump</a></li><li><a href="index32d3.html?q=node/1737" title="1 commentaire">Optimisation de la m√©moire sous PostgreSQL</a></li><li><a href="index2483.html?q=node/1736" title="3 commentaires">[R√©solu] Upgrade Postgre -> types et op√©rateurs</a></li><li><a href="index82c4.html?q=node/1734" title="2 commentaires">[RESOLU] Probleme de connection en odbc</a></li></ul></div><div class="more-link"><a href="index79b7.html?q=forum" title="Lire les derniers sujets.">en lire plus</a></div>
		    </div></div></div>
<div class="block block-archive" id="block-archive-0">
<div class="pgSideNav">    <h2>Acc√©der aux archives</h2>    
		    <div>
			
<!-- calendar -->
<div class="calendar"><table summary="Un calendrier pour acc√©der aux archives.">
 <caption><a href="index9dfb.html?q=archive/2008/09/12" title="Mois pr√©c√©dent">&laquo;</a> Octobre 2008 &nbsp;</caption>
 <tr class="header-week">
 <th abbr="Lundi">Lun</th>
 <th abbr="Mardi">Mar</th>
 <th abbr="Mercredi">Mer</th>
 <th abbr="Jeudi">Jeu</th>
 <th abbr="Vendredi">Ven</th>
 <th abbr="Samedi">Sam</th>
 <th abbr="Dimanche">Dim</th>
</tr>
 <tr class="row-week"><td class="day-blank" colspan="2">&nbsp;</td>
  <td class="day-link"><a href="indexd3e2.html?q=archive/2008/10/1">1</a></td>
  <td class="day-normal">2</td>
  <td class="day-normal">3</td>
  <td class="day-normal">4</td>
  <td class="day-normal">5</td>
 </tr>
 <tr class="row-week">
  <td class="day-normal">6</td>
  <td class="day-normal">7</td>
  <td class="day-normal">8</td>
  <td class="day-normal">9</td>
  <td class="day-normal">10</td>
  <td class="day-normal">11</td>
  <td class="day-today">12</td>
 </tr>
 <tr class="row-week">
  <td class="day-future">13</td>
  <td class="day-future">14</td>
  <td class="day-future">15</td>
  <td class="day-future">16</td>
  <td class="day-future">17</td>
  <td class="day-future">18</td>
  <td class="day-future">19</td>
 </tr>
 <tr class="row-week">
  <td class="day-future">20</td>
  <td class="day-future">21</td>
  <td class="day-future">22</td>
  <td class="day-future">23</td>
  <td class="day-future">24</td>
  <td class="day-future">25</td>
  <td class="day-future">26</td>
 </tr>
 <tr class="row-week">
  <td class="day-future">27</td>
  <td class="day-future">28</td>
  <td class="day-future">29</td>
  <td class="day-future">30</td>
  <td class="day-future">31</td>
  <td class="day-blank" colspan="2">&nbsp;</td>
 </tr>
</table></div>


		    </div></div></div>
<div class="block block-node" id="block-node-0">
<div class="pgSideNav">    <h2>Syndication</h2>    
		    <div>
			<div class="xml-icon"><a href="index9637.html?q=rss.xml"><img src="misc/xml.png" width="36" height="14" alt="Flux XML" title="Flux XML" /></a></div>
		    </div></div></div>
<div class="block block-poll" id="block-poll-0">
<div class="pgSideNav">    <h2>Sondage</h2>    
		    <div>
			<div class="poll"><div class="title">Quelle est la version de PostgreSQL la plus r√©pandue sur vos serveurs ?</div><div class="text">8.3</div><div class="bar"><div style="width: 10%;" class="foreground"></div></div><div class="percent">10%</div><div class="text">8.2</div><div class="bar"><div style="width: 42%;" class="foreground"></div></div><div class="percent">42%</div><div class="text">8.1</div><div class="bar"><div style="width: 40%;" class="foreground"></div></div><div class="percent">40%</div><div class="text">8.0</div><div class="bar"><div style="width: 2%;" class="foreground"></div></div><div class="percent">2%</div><div class="text">7.4</div><div class="bar"><div style="width: 6%;" class="foreground"></div></div><div class="percent">6%</div><div class="text">7.3 ou ant√©rieure</div><div class="bar"><div style="width: 0%;" class="foreground"></div></div><div class="percent">0%</div><div class="total">Nombre de votes: 48</div></div><div class="links"><a href="index8c57.html?q=node/1426#comment" title="Sauter au premier commentaire de ce message.">3 commentaires</a> | <a href="index729f.html?q=poll" title="Voir la liste des sondages de ce site.">anciens sondages</a></div>
		    </div></div></div>
    </td>

      <td style="vertical-align: top; width: 80%"><div class="breadcrumb"><a href="index03d2.html?q=">Accueil</a></div><h2 class="title">Astuces techniques et autres tours de mains!</h2>
<!-- begin content -->

<!-- node: "Astuces techniques et autres tours de mains!" -->
<!--<div class="pgFrontCenterUser">
<div class="pgFrontUser">
<div class="pgFrontUserInner">
--><div class="pgFrontUserWrap">
 <div class="pgFrontUserContent">	<h1 class="plop"><a href="index8ccf.html?q=taxonomy/term/1">Technique</a> | <a href="indexdca0.html?q=node/21" class="active">Astuces techniques et autres tours de mains!</a></h1>
		    <p>
			    Par <a href="indexec55.html?q=user/2" title="Voir le profil utilisateur.">Jean-Paul Argudo</a> le 22/04/2004 - 15:12
		    </p>	
			    <p>Sur le site <a href="http://www.varlena.com/varlena/GeneralBits/Tidbits/index.php">TidBits</a> vous trouverez tout un tas de petits articles et autres HOWTO (en anglais par contre, d√©sol√©!):</p>
<ul>
<li>Performace</li>
<li>R√©plication</li>
<li>Astuces SQL</li>
<li>...et bien d'autres encore!</li>
</ul>
<p>Enjoy!</p>

		     </div></div>
<!--</div>
</div>
</div>
</div> -->
<a id="comment"></a>
<form method="post" action="http://drupal.postgresql.fr/?q=comment"><div>
<div class="pgSideNav">    <h2>Options d'affichage des commentaires</h2>    
		    <div>
			<div class="form-item">
 <select name="mode"> <option value="1">A plat - repli√©</option>
 <option value="2">A plat - d√©pli√©</option>
 <option value="3">Par discussions - repli√©</option>
 <option value="4" selected="selected">Par discussions - d√©pli√©</option>
</select>
<select name="order"> <option value="1">Date - r√©cents en premier</option>
 <option value="2" selected="selected">Date - anciens en premier</option>
</select>
<select name="comments_per_page"> <option value="10">10 commentaires par page</option> <option value="30">30 commentaires par page</option> <option value="50" selected="selected">50 commentaires par page</option> <option value="70">70 commentaires par page</option> <option value="90">90 commentaires par page</option></select>
<input type="hidden" name="threshold" value="0" />
 <input type="submit" class="form-submit" name="op" value="Sauvegarder les param√®tres"  />

 <div class="description">S√©lectionnez la m√©thode d'affichage des commentaires que vous pr√©f√©rez, puis cliquez sur "Sauvegarder les param√®tres" pour activer vos changements.</div>
</div>

		    </div></div><input type="hidden" name="edit[nid]" value="21" />
</div></form><form method="post" action="http://drupal.postgresql.fr/?q=comment"><div>
<input type="hidden" name="edit[nid]" value="21" />
<a id="comment-122"></a>
<div class="pgContentWrap"><h1 id="txtFrontFeatureHeading">Optimisation PostgreSQL 8 sous Windows</h1>
		<p>
		    <b><a href="index333a.html?q=user/554" title="Voir le profil utilisateur.">lucrol</a></b>/ = 4 Avril, 2005 - 16:00
		</p>
		<p>
		    <p>Bonjour,<br />
Ayant configur√© une base sur un serveur Windows 2003 server, je suis confront√© √† une lenteur anormale au niveau du traitement de certaines requ√®tes.<br />
J'ai regard√© les "Tidbits" et j'ai modifi√© certains param√®tres SANS am√©lioration notable.<br />
Y a t-il un probl√®me d'optimisation inh√©rent √† la version Windows ?<br />
Connaissez-vous des solutions d'am√©lioration ?</p>
<p>La table est constitu√©e 143 champs avec la clef primaire + 15 index, elle contient 24679 enregistrements. Son ouverture est laborieuse.<br />
La requ√®te sur cette table inclus 6 jointures (LEFT OUTER JOIN) avec un tri sur 2 champs. Tous les champs inclus dans les jointures sont index√©s (o√π des clefs primaires), les types de donn√©es sont identiques.<br />
Ma personnalisation de la m√©moire dans Postgresql.conf donne :<br />
# - Memory -<br />
shared_buffers = 32000		# min 16, at least max_connections*2, 8KB each<br />
work_mem = 32768		# min 64, size in KB<br />
maintenance_work_mem = 32768	# min 1024, size in KB<br />
#max_stack_depth = 2048		# min 100, size in KB</p>
<p>Malgr√© cel√† la requ√®te met 35 secondes √† s'√©x√©cuter</p>
<p>Tout avis me sera profitable...<br />
D'abance merci</p>
<br /><!--hr /--><div class="contentsLink">[ Vous devez <a href="index7992.html?q=user/login">vous connecter</a> pour poster des commentaires ]</div>
		</p></div><div style="margin-left:25px;">
<a id="comment-126"></a>
<div class="pgContentWrap"><h1 id="txtFrontFeatureHeading">EXPLAIN ANALYZE</h1>
		<p>
		    <b><a href="indexec55.html?q=user/2" title="Voir le profil utilisateur.">Jean-Paul Argudo</a></b>/ = 9 Avril, 2005 - 09:31
		</p>
		<p>
		    <p>
Bonjour,<br><br />
Pour ce qui est de l'optimisation d'une requ√™te en particulier, nous avons absolument besoin de la sortie d'un EXPLAIN ANALYZE sur la requ√™te. Sans cela, nous ne pouvons pas deviner ce qui ne va pas.
</p>
<p>Cordialement,
</p>
<p>
-- <br><br />
Jean-Paul ARGUDO<br><br />
www.PostgreSQLFr.org<br>
</p>
<br /><!--hr /--><div class="contentsLink">[ Vous devez <a href="index7992.html?q=user/login">vous connecter</a> pour poster des commentaires ]</div>
		</p></div></div>
<div style="margin-left:25px;">
<a id="comment-133"></a>
<div class="pgContentWrap"><h1 id="txtFrontFeatureHeading">R√©sultat de Explain Analyze</h1>
		<p>
		    <b><a href="index333a.html?q=user/554" title="Voir le profil utilisateur.">lucrol</a></b>/ = 19 Avril, 2005 - 14:21
		</p>
		<p>
		    <p>EXPLAIN ANALYZE<br />
SELECT DISTINCT<br />
   vehicules.*,<br />
   compagnies.nomassur,<br />
   compagnies.contactassur,<br />
   employes.prenom_nom,<br />
   experts.nomexpert,<br />
   experts.cabinetexpert,<br />
   marques.nommarque,<br />
   soustraitants.nomst,<br />
   soustraitants.contactst<br />
   FROM soustraitants<br />
   RIGHT JOIN (marques<br />
   RIGHT JOIN (experts<br />
   RIGHT JOIN (employes<br />
   RIGHT JOIN (compagnies<br />
   RIGHT JOIN vehicules ON compagnies.codeassur::text = vehicules.codeassur::text) ON employes.codeemploye::text = vehicules.codechauffeur::text) ON experts.codeexpert::text = vehicules.codeexpert::text) ON marques.codemarque = vehicules.codemarque) ON soustraitants.codest::text = vehicules.codest::text<br />
   LEFT JOIN communes ON vehicules.cpgarage = communes.compteur<br />
  ORDER BY vehicules.nolp, vehicules.noimmat, vehicules.norecord ;</p>
<p>cel√† donne :</p>
<p>"Unique  (cost=35366.09..44744.11 rows=24679 width=2033) (actual time=15594.000..15782.000 rows=24679 loops=1)"<br />
"  ->  Sort  (cost=35366.09..35427.79 rows=24679 width=2033) (actual time=15594.000..15594.000 rows=24679 loops=1)"<br />
"        Sort Key: vehicules.nolp, vehicules.noimmat, vehicules.norecord, vehicules.dateaccord, vehicules.codemarque, vehicules.modele, vehicules.kms, vehicules.codeassur, vehicules.proprio, vehicules.codeexpert, vehicules.garage, vehicules.telgarage, vehic (..)"<br />
"        ->  Hash Left Join  (cost=46.98..3850.64 rows=24679 width=2033) (actual time=15.000..15406.000 rows=24679 loops=1)"<br />
"              Hash Cond: ("outer".cpgarage = "inner".compteur)"<br />
"              ->  Hash Left Join  (cost=15.29..3448.76 rows=24679 width=2033) (actual time=15.000..12797.000 rows=24679 loops=1)"<br />
"                    Hash Cond: (("outer".codest)::text = ("inner".codest)::text)"<br />
"                    ->  Hash Left Join  (cost=10.39..3132.90 rows=24679 width=1963) (actual time=15.000..10274.000 rows=24679 loops=1)"<br />
"                          Hash Cond: ("outer".codemarque = "inner".codemarque)"<br />
"                          ->  Hash Left Join  (cost=7.79..2848.95 rows=24679 width=1934) (actual time=0.000..7650.000 rows=24679 loops=1)"<br />
"                                Hash Cond: (("outer".codeexpert)::text = ("inner".codeexpert)::text)"<br />
"                                ->  Hash Left Join  (cost=4.70..2615.11 rows=24679 width=1856) (actual time=0.000..4992.000 rows=24679 loops=1)"<br />
"                                      Hash Cond: (("outer".codechauffeur)::text = ("inner".codeemploye)::text)"<br />
"                                      ->  Hash Left Join  (cost=3.27..2448.33 rows=24679 width=1813) (actual time=0.000..2565.000 rows=24679 loops=1)"<br />
"                                            Hash Cond: (("outer".codeassur)::text = ("inner".codeassur)::text)"<br />
"                                            ->  Seq Scan on vehicules  (cost=0.00..2195.79 rows=24679 width=1743) (actual time=0.000..30.000 rows=24679 loops=1)"<br />
"                                            ->  Hash  (cost=3.02..3.02 rows=102 width=84) (actual time=0.000..0.000 rows=0 loops=1)"<br />
"                                                  ->  Seq Scan on compagnies  (cost=0.00..3.02 rows=102 width=84) (actual time=0.000..0.000 rows=102 loops=1)"<br />
"                                      ->  Hash  (cost=1.34..1.34 rows=34 width=52) (actual time=0.000..0.000 rows=0 loops=1)"<br />
"                                            ->  Seq Scan on employes  (cost=0.00..1.34 rows=34 width=52) (actual time=0.000..0.000 rows=34 loops=1)"<br />
"                                ->  Hash  (cost=2.87..2.87 rows=87 width=92) (actual time=0.000..0.000 rows=0 loops=1)"<br />
"                                      ->  Seq Scan on experts  (cost=0.00..2.87 rows=87 width=92) (actual time=0.000..0.000 rows=87 loops=1)"<br />
"                          ->  Hash  (cost=2.28..2.28 rows=128 width=33) (actual time=15.000..15.000 rows=0 loops=1)"<br />
"                                ->  Seq Scan on marques  (cost=0.00..2.28 rows=128 width=33) (actual time=0.000..15.000 rows=128 loops=1)"<br />
"                    ->  Hash  (cost=4.52..4.52 rows=152 width=84) (actual time=0.000..0.000 rows=0 loops=1)"<br />
"                          ->  Seq Scan on soustraitants  (cost=0.00..4.52 rows=152 width=84) (actual time=0.000..0.000 rows=152 loops=1)"<br />
"              ->  Hash  (cost=27.95..27.95 rows=1495 width=4) (actual time=0.000..0.000 rows=0 loops=1)"<br />
"                    ->  Seq Scan on communes  (cost=0.00..27.95 rows=1495 width=4) (actual time=0.000..0.000 rows=1495 loops=1)"<br />
"Total runtime: 15828.000 ms"</p>
<p>Il est annonc√© 15828 ms et pourtant lors de l'√©x√©cution SANS EXPLAIN ANALYSE √ßa prend 32016+719 ms (si seulement 200 lignes extraites).</p>
<p>Il me semble que la lenteur soit d√ªe au nombre de champs de vehicules (143).</p>
<p>Existe-t-il une solution ?<br />
D'avance merci...</p>
<p>Luc</p>
<br /><!--hr /--><div class="contentsLink">[ Vous devez <a href="index7992.html?q=user/login">vous connecter</a> pour poster des commentaires ]</div>
		</p></div></div>
<div style="margin-left:25px;">
<a id="comment-136"></a>
<div class="pgContentWrap"><h1 id="txtFrontFeatureHeading">Information sur l'analyze</h1>
		<p>
		    <b><a href="indexf8ec.html?q=user/10" title="Voir le profil utilisateur.">Jean-Christophe Arnu</a></b>/ = 28 Avril, 2005 - 10:06
		</p>
		<p>
		    <p>
Bonjour,<br><br />
j'ai lu rapidement l'explain sans trop attacher d'importance au reste j'ai surtout remarqu√© qu'il ya beaucoup de seq scan. Ceci est d√ª au fait qu'il n'y a pas d'index ou que l'index n'est pas utilis√© dans la requ√™te. Je vous sugg√©rerais de <b>cr√©er des index</b> sur les champs importants des grosses tables (ou celles qui pourrait √™tre amen√©es √† grossir) afin d'obliger votre optimiseur √† utiliser ces index. Une fois ces index cr√©√©s n'oubliez pas de faire un vacuum analyze!<br />
<br></p>
<p>Jean-Christophe Arnu</P></p>
<br /><!--hr /--><div class="contentsLink">[ Vous devez <a href="index7992.html?q=user/login">vous connecter</a> pour poster des commentaires ]</div>
		</p></div></div>
</div></form>
<!-- end content -->
              </td>

    </tr>
    <tr><td colspan="2">

		<div class="pgTopNav">
		   <div class="pgTopNavLeft"> 
		     <img src="layout/images/nav_lft.png" width="7" height="23" alt="" />
		   </div>
		   <div class="pgTopNavRight">
		    <img src="layout/images/nav_rgt.png" width="7" height="23" alt="" />
		  </div>
		  <!--<ul class="pgTopNavList">-->
		  <ul class="pgTopNavList">
		   <li><a href="index03d2.html?q=" title="Retourner √† la page principale.">accueil</a> </li>
		   <li> <a href="indexf6e5.html?q=archive" title="Lire le contenu plus ancien dans notre archive.">archives</a> </li>
		   <li> <a href="index71c4.html?q=blog" title="Lire les blogues les plus r√©cents.">blogues</a> </li>

		   <li> <a href="indexf6fe.html?q=book" title="Lire et contribuer aux livres collaboratifs.">livres</a> </li>
		   <li> <a href="index79b7.html?q=forum">forums</a> </li>
		   <li> <a href="index729f.html?q=poll" title="Voir la liste des sondages de ce site.">sondages</a> </li>
		   <li> <a href="index4404.html?q=search" title="Chercher pour du contenu plus vieux.">recherche</a></li><li><a href="http://docs.postgresqlfr.org/" target="_blank">documentation </a></li>

		  </ul>

<!--
		   <li><a href="?q=" title="Retourner √† la page principale.">accueil</a> </li>
		   <li> <a href="?q=archive" title="Lire le contenu plus ancien dans notre archive.">archives</a> </li>
		   <li> <a href="?q=blog" title="Lire les blogues les plus r√©cents.">blogues</a> </li>
		   <li> <a href="?q=book" title="Lire et contribuer aux livres collaboratifs.">livres</a> </li>
		   <li> <a href="?q=forum">forums</a> </li>
		   <li> <a href="?q=poll" title="Voir la liste des sondages de ce site.">sondages</a> </li>
		   <li> <a href="?q=search" title="Chercher pour du contenu plus vieux.">recherche</a></li><li><a href="http://docs.postgresqlfr.org/" target="_blank">documentation </a></li>
-->
		  </ul>
	        </div>
    </td></tr>
   </table>
   <p style="text-align: center;">&copy;&nbsp;PostgreSQLFr, tous droits r√©serv√©s.<br>
Site d√©clar√© √† la CNIL sous le num√©ro 1074678, conform√©ment √† la Loi en vigueur.
</p>
<script type="text/javascript">
var gaJsHost = (("https:" == document.location.protocol) ? "https://ssl." : "http://www.");
document.write(unescape("%3Cscript src='" + gaJsHost + "google-analytics.com/ga.js' type='text/javascript'%3E%3C/script%3E"));
</script>
<script type="text/javascript">
var pageTracker = _gat._getTracker("UA-3921927-1");
pageTracker._initData();
pageTracker._trackPageview();
</script>
<p></p>
   
</body>

<!-- Mirrored from drupal.postgresql.fr/?q=node/21 by HTTrack Website Copier/3.x [XR&CO'2006], Sun, 12 Oct 2008 16:30:20 GMT -->
<!-- Added by HTTrack --><meta http-equiv="content-type" content="text/html;charset=utf-8"><!-- /Added by HTTrack -->
</html>